d:\temp\йылмаз рк4-22\consoleapplication2\debug\consoleapplication2.ilk
d:\temp\йылмаз рк4-22\consoleapplication2\debug\consoleapplication2.exe
d:\temp\йылмаз рк4-22\consoleapplication2\debug\consoleapplication2.pdb
d:\temp\йылмаз рк4-22\consoleapplication2\consoleapplication2\debug\pp.obj
d:\temp\йылмаз рк4-22\consoleapplication2\consoleapplication2\debug\consoleapplication2.pch
d:\temp\йылмаз рк4-22\consoleapplication2\consoleapplication2\debug\stdafx.obj
d:\temp\йылмаз рк4-22\consoleapplication2\consoleapplication2\debug\vc110.pdb
d:\temp\йылмаз рк4-22\consoleapplication2\consoleapplication2\debug\consoleapplication2.obj
z:\dos\lr09-19\consoleapplication2\debug\consoleapplication2.ilk
z:\dos\lr09-19\consoleapplication2\debug\consoleapplication2.pdb
\\mac\home\dos\lr09-19\consoleapplication2\debug\consoleapplication2.exe
\\mac\home\dos\lr09-19\consoleapplication2\debug\consoleapplication2.ilk
\\mac\home\dos\lr09-19\consoleapplication2\debug\consoleapplication2.pdb
\\mac\home\dos\lr09-19\consoleapplication2\consoleapplication2\debug\pp.obj
z:\dos\lr09-19\consoleapplication2\consoleapplication2\debug\consoleapplication2.pch
z:\dos\lr09-19\consoleapplication2\consoleapplication2\debug\vc142.pdb
z:\dos\lr09-19\consoleapplication2\consoleapplication2\debug\vc142.idb
z:\dos\lr09-19\consoleapplication2\consoleapplication2\debug\stdafx.obj
z:\dos\lr09-19\consoleapplication2\consoleapplication2\debug\consoleapplication2.obj
\\mac\home\dos\lr09-19\consoleapplication2\consoleapplication2\debug\consoleapplication2.pch
\\mac\home\dos\lr09-19\consoleapplication2\consoleapplication2\debug\vc142.pdb
\\mac\home\dos\lr09-19\consoleapplication2\consoleapplication2\debug\vc142.idb
\\mac\home\dos\lr09-19\consoleapplication2\consoleapplication2\debug\stdafx.obj
\\mac\home\dos\lr09-19\consoleapplication2\consoleapplication2\debug\consoleapplication2.obj
\\mac\home\dos\lr09-19\consoleapplication2\consoleapplication2\debug\link-cvtres.read.1.tlog
\\mac\home\dos\lr09-19\consoleapplication2\consoleapplication2\debug\link.read.1.tlog
\\mac\home\dos\lr09-19\consoleapplication2\consoleapplication2\debug\link.command.1.tlog
\\mac\home\dos\lr09-19\consoleapplication2\consoleapplication2\debug\link.4200-rc.write.1.tlog
\\mac\home\dos\lr09-19\consoleapplication2\consoleapplication2\debug\link.write.1.tlog
\\mac\home\dos\lr09-19\consoleapplication2\consoleapplication2\debug\link.4200.write.1.tlog
\\mac\home\dos\lr09-19\consoleapplication2\consoleapplication2\debug\link.4200.read.1.tlog
\\mac\home\dos\lr09-19\consoleapplication2\consoleapplication2\debug\cl.read.1.tlog
\\mac\home\dos\lr09-19\consoleapplication2\consoleapplication2\debug\link-rc.write.1.tlog
\\mac\home\dos\lr09-19\consoleapplication2\consoleapplication2\debug\link-rc.read.1.tlog
\\mac\home\dos\lr09-19\consoleapplication2\consoleapplication2\debug\link-cvtres.write.1.tlog
\\mac\home\dos\lr09-19\consoleapplication2\consoleapplication2\debug\consoleapplication2.write.1.tlog
\\mac\home\dos\lr09-19\consoleapplication2\consoleapplication2\debug\link.4200-cvtres.write.1.tlog
\\mac\home\dos\lr09-19\consoleapplication2\consoleapplication2\debug\link.4200-rc.read.1.tlog
\\mac\home\dos\lr09-19\consoleapplication2\consoleapplication2\debug\link.4200-cvtres.read.1.tlog
\\mac\home\dos\lr09-19\consoleapplication2\consoleapplication2\debug\cl.command.1.tlog
\\mac\home\dos\lr09-19\consoleapplication2\consoleapplication2\debug\cl.write.1.tlog
\\mac\home\dos\lr09-19\consoleapplication2\consoleapplication2\debug\vc110.idb
\\mac\home\dos\lr09-19\consoleapplication2\consoleapplication2\debug\vc110.pdb
\\mac\home\dos\lr09-19\consoleapplication2\consoleapplication2\debug\consolea.9026676e.tlog\link.read.1.tlog
\\mac\home\dos\lr09-19\consoleapplication2\consoleapplication2\debug\consolea.9026676e.tlog\link.command.1.tlog
\\mac\home\dos\lr09-19\consoleapplication2\consoleapplication2\debug\consolea.9026676e.tlog\link.write.1.tlog
\\mac\home\dos\lr09-19\consoleapplication2\consoleapplication2\debug\consolea.9026676e.tlog\link.delete.1.tlog
\\mac\home\dos\lr09-19\consoleapplication2\consoleapplication2\debug\consolea.9026676e.tlog\cl.read.1.tlog
\\mac\home\dos\lr09-19\consoleapplication2\consoleapplication2\debug\consolea.9026676e.tlog\cl.command.1.tlog
\\mac\home\dos\lr09-19\consoleapplication2\consoleapplication2\debug\consolea.9026676e.tlog\masm.write.1u.tlog
\\mac\home\dos\lr09-19\consoleapplication2\consoleapplication2\debug\consolea.9026676e.tlog\masm.read.1u.tlog
\\mac\home\dos\lr09-19\consoleapplication2\consoleapplication2\debug\consolea.9026676e.tlog\cl.write.1.tlog
